<!DOCTYPE html PUBLIC "-//W3C//DTD XHTML 1.1//EN" "http://www.w3.org/TR/xhtml11/DTD/xhtml11.dtd">
<html xmlns="http://www.w3.org/1999/xhtml">
<head>
<meta http-equiv="content-type" content="text/html; charset=UTF-8"/>
<title>TestNG Report</title>
<style type="text/css">table {margin-bottom:10px;border-collapse:collapse;empty-cells:show}th,td {border:1px solid #009;padding:.25em .5em}th {vertical-align:bottom}td {vertical-align:top}table a {font-weight:bold}.stripe td {background-color: #E6EBF9}.num {text-align:right}.passedodd td {background-color: #3F3}.passedeven td {background-color: #0A0}.skippedodd td {background-color: #DDD}.skippedeven td {background-color: #CCC}.failedodd td,.attn {background-color: #F33}.failedeven td,.stripe .attn {background-color: #D00}.stacktrace {white-space:pre;font-family:monospace}.totop {font-size:85%;text-align:center;border-bottom:2px solid #000}.invisible {display:none}</style>
</head>
<body>
<table>
<tr><th>Test</th><th># Passed</th><th># Skipped</th><th># Retried</th><th># Failed</th><th>Time (ms)</th><th>Included Groups</th><th>Excluded Groups</th></tr>
<tr><th colspan="7">Suite de Teste</th></tr>
<tr><td><a href="#t0">Automação Utilizando TDD</a></td><td class="num">5</td><td class="num">0</td><td class="num">0</td><td class="num attn">1</td><td class="num">135,790</td><td></td><td></td></tr>
</table>
<table id='summary'><thead><tr><th>Class</th><th>Method</th><th>Start</th><th>Time (ms)</th></tr></thead><tbody><tr><th colspan="4">Suite de Teste</th></tr></tbody><tbody id="t0"><tr><th colspan="4">Automação Utilizando TDD &#8212; failed (configuration methods)</th></tr><tr class="failedeven"><td rowspan="1">br.com.rsinet.HUB_TDD.teste.TesteCadastrarSucesso</td><td><a href="#m0">encerrar</a></td><td rowspan="1">1580135746601</td><td rowspan="1">14225</td></tr><tr><th colspan="4">Automação Utilizando TDD &#8212; failed</th></tr><tr class="failedeven"><td rowspan="1">br.com.rsinet.HUB_TDD.teste.TesteCadastrarSucesso</td><td><a href="#m1">cadastrar</a></td><td rowspan="1">1580135721427</td><td rowspan="1">25170</td></tr><tr><th colspan="4">Automação Utilizando TDD &#8212; passed</th></tr><tr class="passedeven"><td rowspan="1">br.com.rsinet.HUB_TDD.teste.TesteBuscaCliqueFalha</td><td><a href="#m2">BuscarCliqueFalha</a></td><td rowspan="1">1580135637410</td><td rowspan="1">4713</td></tr><tr class="passedodd"><td rowspan="1">br.com.rsinet.HUB_TDD.teste.TesteBuscaCliqueSucesso</td><td><a href="#m3">buscaCliqueSucesso</a></td><td rowspan="1">1580135653403</td><td rowspan="1">3912</td></tr><tr class="passedeven"><td rowspan="1">br.com.rsinet.HUB_TDD.teste.TesteBuscarLupaFalha</td><td><a href="#m4">buscarLupaFalha</a></td><td rowspan="1">1580135668453</td><td rowspan="1">2500</td></tr><tr class="passedodd"><td rowspan="1">br.com.rsinet.HUB_TDD.teste.TesteBuscarLupaSucesso</td><td><a href="#m5">buscarLupaSucesso</a></td><td rowspan="1">1580135682148</td><td rowspan="1">3903</td></tr><tr class="passedeven"><td rowspan="1">br.com.rsinet.HUB_TDD.teste.TesteCadastrarFalha</td><td><a href="#m6">cadastrarFalha</a></td><td rowspan="1">1580135699460</td><td rowspan="1">4020</td></tr></tbody>
</table>
<h2>Automação Utilizando TDD</h2><h3 id="m0">br.com.rsinet.HUB_TDD.teste.TesteCadastrarSucesso#encerrar</h3><table class="result"><tr class="param"><th>Parameter #1</th></tr><tr class="param stripe"><td>[TestResult name=cadastrar status=FAILURE method=TesteCadastrarSucesso.cadastrar()[pri:0, instance:br.com.rsinet.HUB_TDD.teste.TesteCadastrarSucesso@5e853265] output={null}]</td></tr><tr><th>Exception</th></tr><tr><td><div class="stacktrace">org.openqa.selenium.WebDriverException: chrome not reachable
  (Session info: chrome=79.0.3945.130)
Build info: version: &apos;3.141.59&apos;, revision: &apos;e82be7d358&apos;, time: &apos;2018-11-14T08:17:03&apos;
System info: host: &apos;RSI1538&apos;, ip: &apos;10.0.75.1&apos;, os.name: &apos;Windows 10&apos;, os.arch: &apos;amd64&apos;, os.version: &apos;10.0&apos;, java.version: &apos;1.8.0_231&apos;
Driver info: org.openqa.selenium.chrome.ChromeDriver
Capabilities {acceptInsecureCerts: false, browserName: chrome, browserVersion: 79.0.3945.130, chrome: {chromedriverVersion: 79.0.3945.36 (3582db32b3389..., userDataDir: C:\Users\ABDIEL~1.COR\AppDa...}, goog:chromeOptions: {debuggerAddress: localhost:50592}, javascriptEnabled: true, networkConnectionEnabled: false, pageLoadStrategy: normal, platform: WINDOWS, platformName: WINDOWS, proxy: Proxy(), setWindowRect: true, strictFileInteractability: false, timeouts: {implicit: 0, pageLoad: 300000, script: 30000}, unhandledPromptBehavior: dismiss and notify}
Session ID: be784f15f1c55dab885b50be156e6162
*** Element info: {Using=xpath, value=//*[@id=&quot;speakersImg&quot;]}
	at org.openqa.selenium.remote.http.W3CHttpResponseCodec.createException(W3CHttpResponseCodec.java:187)
	at org.openqa.selenium.remote.http.W3CHttpResponseCodec.decode(W3CHttpResponseCodec.java:122)
	at org.openqa.selenium.remote.http.W3CHttpResponseCodec.decode(W3CHttpResponseCodec.java:49)
	at org.openqa.selenium.remote.HttpCommandExecutor.execute(HttpCommandExecutor.java:158)
	at org.openqa.selenium.remote.service.DriverCommandExecutor.execute(DriverCommandExecutor.java:83)
	at org.openqa.selenium.remote.RemoteWebDriver.execute(RemoteWebDriver.java:552)
	at org.openqa.selenium.remote.RemoteWebDriver.findElement(RemoteWebDriver.java:323)
	at org.openqa.selenium.remote.RemoteWebDriver.findElementByXPath(RemoteWebDriver.java:428)
	at org.openqa.selenium.By$ByXPath.findElement(By.java:353)
	at org.openqa.selenium.remote.RemoteWebDriver.findElement(RemoteWebDriver.java:315)
	at org.openqa.selenium.support.pagefactory.DefaultElementLocator.findElement(DefaultElementLocator.java:69)
	at org.openqa.selenium.support.pagefactory.internal.LocatingElementHandler.invoke(LocatingElementHandler.java:38)
	at com.sun.proxy.$Proxy9.isDisplayed(Unknown Source)
	at org.openqa.selenium.support.ui.ExpectedConditions.elementIfVisible(ExpectedConditions.java:314)
	at org.openqa.selenium.support.ui.ExpectedConditions.access$000(ExpectedConditions.java:43)
	at org.openqa.selenium.support.ui.ExpectedConditions$10.apply(ExpectedConditions.java:300)
	at org.openqa.selenium.support.ui.ExpectedConditions$10.apply(ExpectedConditions.java:297)
	at org.openqa.selenium.support.ui.FluentWait.until(FluentWait.java:249)
	at br.com.rsinet.HUB_TDD.pageFactory.Home_Page.esperaHome(Home_Page.java:27)
	at br.com.rsinet.HUB_TDD.teste.TesteCadastrarSucesso.encerrar(TesteCadastrarSucesso.java:83)
	at java.util.ArrayList.forEach(Unknown Source)
... Removed 36 stack frames</div></td></tr></table><p class="totop"><a href="#summary">back to summary</a></p>
<h3 id="m1">br.com.rsinet.HUB_TDD.teste.TesteCadastrarSucesso#cadastrar</h3><table class="result"><tr><th>Exception</th></tr><tr><td><div class="stacktrace">org.openqa.selenium.WebDriverException: chrome not reachable
  (Session info: chrome=79.0.3945.130)
Build info: version: &apos;3.141.59&apos;, revision: &apos;e82be7d358&apos;, time: &apos;2018-11-14T08:17:03&apos;
System info: host: &apos;RSI1538&apos;, ip: &apos;10.0.75.1&apos;, os.name: &apos;Windows 10&apos;, os.arch: &apos;amd64&apos;, os.version: &apos;10.0&apos;, java.version: &apos;1.8.0_231&apos;
Driver info: org.openqa.selenium.chrome.ChromeDriver
Capabilities {acceptInsecureCerts: false, browserName: chrome, browserVersion: 79.0.3945.130, chrome: {chromedriverVersion: 79.0.3945.36 (3582db32b3389..., userDataDir: C:\Users\ABDIEL~1.COR\AppDa...}, goog:chromeOptions: {debuggerAddress: localhost:50592}, javascriptEnabled: true, networkConnectionEnabled: false, pageLoadStrategy: normal, platform: WINDOWS, platformName: WINDOWS, proxy: Proxy(), setWindowRect: true, strictFileInteractability: false, timeouts: {implicit: 0, pageLoad: 300000, script: 30000}, unhandledPromptBehavior: dismiss and notify}
Session ID: be784f15f1c55dab885b50be156e6162
	at org.openqa.selenium.remote.http.W3CHttpResponseCodec.createException(W3CHttpResponseCodec.java:187)
	at org.openqa.selenium.remote.http.W3CHttpResponseCodec.decode(W3CHttpResponseCodec.java:122)
	at org.openqa.selenium.remote.http.W3CHttpResponseCodec.decode(W3CHttpResponseCodec.java:49)
	at org.openqa.selenium.remote.HttpCommandExecutor.execute(HttpCommandExecutor.java:158)
	at org.openqa.selenium.remote.service.DriverCommandExecutor.execute(DriverCommandExecutor.java:83)
	at org.openqa.selenium.remote.RemoteWebDriver.execute(RemoteWebDriver.java:552)
	at org.openqa.selenium.remote.RemoteWebDriver.execute(RemoteWebDriver.java:609)
	at org.openqa.selenium.remote.RemoteWebDriver.getCurrentUrl(RemoteWebDriver.java:287)
	at org.openqa.selenium.support.ui.ExpectedConditions$3.apply(ExpectedConditions.java:109)
	at org.openqa.selenium.support.ui.ExpectedConditions$3.apply(ExpectedConditions.java:104)
	at org.openqa.selenium.support.ui.FluentWait.until(FluentWait.java:249)
	at br.com.rsinet.HUB_TDD.teste.TesteCadastrarSucesso.cadastrar(TesteCadastrarSucesso.java:72)
	at java.util.ArrayList.forEach(Unknown Source)
... Removed 31 stack frames</div></td></tr></table><p class="totop"><a href="#summary">back to summary</a></p>
<h3 id="m2">br.com.rsinet.HUB_TDD.teste.TesteBuscaCliqueFalha#BuscarCliqueFalha</h3><table class="result"><tr><th class="invisible"/></tr></table><p class="totop"><a href="#summary">back to summary</a></p>
<h3 id="m3">br.com.rsinet.HUB_TDD.teste.TesteBuscaCliqueSucesso#buscaCliqueSucesso</h3><table class="result"><tr><th class="invisible"/></tr></table><p class="totop"><a href="#summary">back to summary</a></p>
<h3 id="m4">br.com.rsinet.HUB_TDD.teste.TesteBuscarLupaFalha#buscarLupaFalha</h3><table class="result"><tr><th class="invisible"/></tr></table><p class="totop"><a href="#summary">back to summary</a></p>
<h3 id="m5">br.com.rsinet.HUB_TDD.teste.TesteBuscarLupaSucesso#buscarLupaSucesso</h3><table class="result"><tr><th class="invisible"/></tr></table><p class="totop"><a href="#summary">back to summary</a></p>
<h3 id="m6">br.com.rsinet.HUB_TDD.teste.TesteCadastrarFalha#cadastrarFalha</h3><table class="result"><tr><th class="invisible"/></tr></table><p class="totop"><a href="#summary">back to summary</a></p>
</body>
</html>
