<?xml version="1.0" encoding="UTF-8"?>
<testng-results skipped="0" failed="1" ignored="0" total="6" passed="5">
  <reporter-output>
  </reporter-output>
  <suite name="Suite de Teste" duration-ms="135790" started-at="2020-01-27T11:33:45 BRT" finished-at="2020-01-27T11:36:00 BRT">
    <groups>
    </groups>
    <test name="Automação Utilizando TDD" duration-ms="135790" started-at="2020-01-27T11:33:45 BRT" finished-at="2020-01-27T11:36:00 BRT">
      <class name="br.com.rsinet.HUB_TDD.teste.TesteBuscarLupaSucesso">
        <test-method status="PASS" signature="carregar()[pri:0, instance:br.com.rsinet.HUB_TDD.teste.TesteBuscarLupaSucesso@5a8806ef]" name="carregar" is-config="true" duration-ms="10125" started-at="2020-01-27T11:34:32 BRT" finished-at="2020-01-27T11:34:42 BRT">
          <reporter-output>
          </reporter-output>
        </test-method> <!-- carregar -->
        <test-method status="PASS" signature="buscarLupaSucesso()[pri:0, instance:br.com.rsinet.HUB_TDD.teste.TesteBuscarLupaSucesso@5a8806ef]" name="buscarLupaSucesso" duration-ms="3903" started-at="2020-01-27T11:34:42 BRT" finished-at="2020-01-27T11:34:46 BRT">
          <reporter-output>
          </reporter-output>
        </test-method> <!-- buscarLupaSucesso -->
        <test-method status="PASS" signature="finalizar(org.testng.ITestResult)[pri:0, instance:br.com.rsinet.HUB_TDD.teste.TesteBuscarLupaSucesso@5a8806ef]" name="finalizar" is-config="true" duration-ms="1060" started-at="2020-01-27T11:34:46 BRT" finished-at="2020-01-27T11:34:47 BRT">
          <params>
            <param index="0">
              <value>
                <![CDATA[[TestResult name=buscarLupaSucesso status=SUCCESS method=TesteBuscarLupaSucesso.buscarLupaSucesso()[pri:0, instance:br.com.rsinet.HUB_TDD.teste.TesteBuscarLupaSucesso@5a8806ef] output={null}]]]>
              </value>
            </param>
          </params>
          <reporter-output>
          </reporter-output>
        </test-method> <!-- finalizar -->
      </class> <!-- br.com.rsinet.HUB_TDD.teste.TesteBuscarLupaSucesso -->
      <class name="br.com.rsinet.HUB_TDD.teste.TesteBuscaCliqueFalha">
        <test-method status="PASS" signature="carregar()[pri:0, instance:br.com.rsinet.HUB_TDD.teste.TesteBuscaCliqueFalha@4bbfb90a]" name="carregar" is-config="true" duration-ms="12330" started-at="2020-01-27T11:33:45 BRT" finished-at="2020-01-27T11:33:57 BRT">
          <reporter-output>
          </reporter-output>
        </test-method> <!-- carregar -->
        <test-method status="PASS" signature="BuscarCliqueFalha()[pri:0, instance:br.com.rsinet.HUB_TDD.teste.TesteBuscaCliqueFalha@4bbfb90a]" name="BuscarCliqueFalha" duration-ms="4713" started-at="2020-01-27T11:33:57 BRT" finished-at="2020-01-27T11:34:02 BRT">
          <reporter-output>
          </reporter-output>
        </test-method> <!-- BuscarCliqueFalha -->
        <test-method status="PASS" signature="finalizar(org.testng.ITestResult)[pri:0, instance:br.com.rsinet.HUB_TDD.teste.TesteBuscaCliqueFalha@4bbfb90a]" name="finalizar" is-config="true" duration-ms="1226" started-at="2020-01-27T11:34:02 BRT" finished-at="2020-01-27T11:34:03 BRT">
          <params>
            <param index="0">
              <value>
                <![CDATA[[TestResult name=BuscarCliqueFalha status=SUCCESS method=TesteBuscaCliqueFalha.BuscarCliqueFalha()[pri:0, instance:br.com.rsinet.HUB_TDD.teste.TesteBuscaCliqueFalha@4bbfb90a] output={null}]]]>
              </value>
            </param>
          </params>
          <reporter-output>
          </reporter-output>
        </test-method> <!-- finalizar -->
      </class> <!-- br.com.rsinet.HUB_TDD.teste.TesteBuscaCliqueFalha -->
      <class name="br.com.rsinet.HUB_TDD.teste.TesteCadastrarSucesso">
        <test-method status="PASS" signature="carregarSucesso()[pri:0, instance:br.com.rsinet.HUB_TDD.teste.TesteCadastrarSucesso@5e853265]" name="carregarSucesso" is-config="true" duration-ms="12427" started-at="2020-01-27T11:35:09 BRT" finished-at="2020-01-27T11:35:21 BRT">
          <reporter-output>
          </reporter-output>
        </test-method> <!-- carregarSucesso -->
        <test-method status="FAIL" signature="cadastrar()[pri:0, instance:br.com.rsinet.HUB_TDD.teste.TesteCadastrarSucesso@5e853265]" name="cadastrar" duration-ms="25170" started-at="2020-01-27T11:35:21 BRT" finished-at="2020-01-27T11:35:46 BRT">
          <exception class="org.openqa.selenium.WebDriverException">
            <message>
              <![CDATA[chrome not reachable
  (Session info: chrome=79.0.3945.130)
Build info: version: '3.141.59', revision: 'e82be7d358', time: '2018-11-14T08:17:03'
System info: host: 'RSI1538', ip: '10.0.75.1', os.name: 'Windows 10', os.arch: 'amd64', os.version: '10.0', java.version: '1.8.0_231'
Driver info: org.openqa.selenium.chrome.ChromeDriver
Capabilities {acceptInsecureCerts: false, browserName: chrome, browserVersion: 79.0.3945.130, chrome: {chromedriverVersion: 79.0.3945.36 (3582db32b3389..., userDataDir: C:\Users\ABDIEL~1.COR\AppDa...}, goog:chromeOptions: {debuggerAddress: localhost:50592}, javascriptEnabled: true, networkConnectionEnabled: false, pageLoadStrategy: normal, platform: WINDOWS, platformName: WINDOWS, proxy: Proxy(), setWindowRect: true, strictFileInteractability: false, timeouts: {implicit: 0, pageLoad: 300000, script: 30000}, unhandledPromptBehavior: dismiss and notify}
Session ID: be784f15f1c55dab885b50be156e6162]]>
            </message>
            <full-stacktrace>
              <![CDATA[org.openqa.selenium.WebDriverException: chrome not reachable
  (Session info: chrome=79.0.3945.130)
Build info: version: '3.141.59', revision: 'e82be7d358', time: '2018-11-14T08:17:03'
System info: host: 'RSI1538', ip: '10.0.75.1', os.name: 'Windows 10', os.arch: 'amd64', os.version: '10.0', java.version: '1.8.0_231'
Driver info: org.openqa.selenium.chrome.ChromeDriver
Capabilities {acceptInsecureCerts: false, browserName: chrome, browserVersion: 79.0.3945.130, chrome: {chromedriverVersion: 79.0.3945.36 (3582db32b3389..., userDataDir: C:\Users\ABDIEL~1.COR\AppDa...}, goog:chromeOptions: {debuggerAddress: localhost:50592}, javascriptEnabled: true, networkConnectionEnabled: false, pageLoadStrategy: normal, platform: WINDOWS, platformName: WINDOWS, proxy: Proxy(), setWindowRect: true, strictFileInteractability: false, timeouts: {implicit: 0, pageLoad: 300000, script: 30000}, unhandledPromptBehavior: dismiss and notify}
Session ID: be784f15f1c55dab885b50be156e6162
at sun.reflect.NativeConstructorAccessorImpl.newInstance0(Native Method)
at sun.reflect.NativeConstructorAccessorImpl.newInstance(Unknown Source)
at sun.reflect.DelegatingConstructorAccessorImpl.newInstance(Unknown Source)
at java.lang.reflect.Constructor.newInstance(Unknown Source)
at org.openqa.selenium.remote.http.W3CHttpResponseCodec.createException(W3CHttpResponseCodec.java:187)
at org.openqa.selenium.remote.http.W3CHttpResponseCodec.decode(W3CHttpResponseCodec.java:122)
at org.openqa.selenium.remote.http.W3CHttpResponseCodec.decode(W3CHttpResponseCodec.java:49)
at org.openqa.selenium.remote.HttpCommandExecutor.execute(HttpCommandExecutor.java:158)
at org.openqa.selenium.remote.service.DriverCommandExecutor.execute(DriverCommandExecutor.java:83)
at org.openqa.selenium.remote.RemoteWebDriver.execute(RemoteWebDriver.java:552)
at org.openqa.selenium.remote.RemoteWebDriver.execute(RemoteWebDriver.java:609)
at org.openqa.selenium.remote.RemoteWebDriver.getCurrentUrl(RemoteWebDriver.java:287)
at org.openqa.selenium.support.ui.ExpectedConditions$3.apply(ExpectedConditions.java:109)
at org.openqa.selenium.support.ui.ExpectedConditions$3.apply(ExpectedConditions.java:104)
at org.openqa.selenium.support.ui.FluentWait.until(FluentWait.java:249)
at br.com.rsinet.HUB_TDD.teste.TesteCadastrarSucesso.cadastrar(TesteCadastrarSucesso.java:72)
at sun.reflect.NativeMethodAccessorImpl.invoke0(Native Method)
at sun.reflect.NativeMethodAccessorImpl.invoke(Unknown Source)
at sun.reflect.DelegatingMethodAccessorImpl.invoke(Unknown Source)
at java.lang.reflect.Method.invoke(Unknown Source)
at org.testng.internal.MethodInvocationHelper.invokeMethod(MethodInvocationHelper.java:133)
at org.testng.internal.TestInvoker.invokeMethod(TestInvoker.java:584)
at org.testng.internal.TestInvoker.invokeTestMethod(TestInvoker.java:172)
at org.testng.internal.MethodRunner.runInSequence(MethodRunner.java:46)
at org.testng.internal.TestInvoker$MethodInvocationAgent.invoke(TestInvoker.java:804)
at org.testng.internal.TestInvoker.invokeTestMethods(TestInvoker.java:145)
at org.testng.internal.TestMethodWorker.invokeTestMethods(TestMethodWorker.java:146)
at org.testng.internal.TestMethodWorker.run(TestMethodWorker.java:128)
at java.util.ArrayList.forEach(Unknown Source)
at org.testng.TestRunner.privateRun(TestRunner.java:770)
at org.testng.TestRunner.run(TestRunner.java:591)
at org.testng.SuiteRunner.runTest(SuiteRunner.java:402)
at org.testng.SuiteRunner.runSequentially(SuiteRunner.java:396)
at org.testng.SuiteRunner.privateRun(SuiteRunner.java:355)
at org.testng.SuiteRunner.run(SuiteRunner.java:304)
at org.testng.SuiteRunnerWorker.runSuite(SuiteRunnerWorker.java:53)
at org.testng.SuiteRunnerWorker.run(SuiteRunnerWorker.java:96)
at org.testng.TestNG.runSuitesSequentially(TestNG.java:1180)
at org.testng.TestNG.runSuitesLocally(TestNG.java:1102)
at org.testng.TestNG.runSuites(TestNG.java:1032)
at org.testng.TestNG.run(TestNG.java:1000)
at org.testng.remote.AbstractRemoteTestNG.run(AbstractRemoteTestNG.java:115)
at org.testng.remote.RemoteTestNG.initAndRun(RemoteTestNG.java:251)
at org.testng.remote.RemoteTestNG.main(RemoteTestNG.java:77)
]]>
            </full-stacktrace>
          </exception> <!-- org.openqa.selenium.WebDriverException -->
          <reporter-output>
          </reporter-output>
        </test-method> <!-- cadastrar -->
        <test-method status="FAIL" signature="encerrar(org.testng.ITestResult)[pri:0, instance:br.com.rsinet.HUB_TDD.teste.TesteCadastrarSucesso@5e853265]" name="encerrar" is-config="true" duration-ms="14225" started-at="2020-01-27T11:35:46 BRT" finished-at="2020-01-27T11:36:00 BRT">
          <params>
            <param index="0">
              <value>
                <![CDATA[[TestResult name=cadastrar status=FAILURE method=TesteCadastrarSucesso.cadastrar()[pri:0, instance:br.com.rsinet.HUB_TDD.teste.TesteCadastrarSucesso@5e853265] output={null}]]]>
              </value>
            </param>
          </params>
          <exception class="org.openqa.selenium.WebDriverException">
            <message>
              <![CDATA[chrome not reachable
  (Session info: chrome=79.0.3945.130)
Build info: version: '3.141.59', revision: 'e82be7d358', time: '2018-11-14T08:17:03'
System info: host: 'RSI1538', ip: '10.0.75.1', os.name: 'Windows 10', os.arch: 'amd64', os.version: '10.0', java.version: '1.8.0_231'
Driver info: org.openqa.selenium.chrome.ChromeDriver
Capabilities {acceptInsecureCerts: false, browserName: chrome, browserVersion: 79.0.3945.130, chrome: {chromedriverVersion: 79.0.3945.36 (3582db32b3389..., userDataDir: C:\Users\ABDIEL~1.COR\AppDa...}, goog:chromeOptions: {debuggerAddress: localhost:50592}, javascriptEnabled: true, networkConnectionEnabled: false, pageLoadStrategy: normal, platform: WINDOWS, platformName: WINDOWS, proxy: Proxy(), setWindowRect: true, strictFileInteractability: false, timeouts: {implicit: 0, pageLoad: 300000, script: 30000}, unhandledPromptBehavior: dismiss and notify}
Session ID: be784f15f1c55dab885b50be156e6162
*** Element info: {Using=xpath, value=//*[@id="speakersImg"]}]]>
            </message>
            <full-stacktrace>
              <![CDATA[org.openqa.selenium.WebDriverException: chrome not reachable
  (Session info: chrome=79.0.3945.130)
Build info: version: '3.141.59', revision: 'e82be7d358', time: '2018-11-14T08:17:03'
System info: host: 'RSI1538', ip: '10.0.75.1', os.name: 'Windows 10', os.arch: 'amd64', os.version: '10.0', java.version: '1.8.0_231'
Driver info: org.openqa.selenium.chrome.ChromeDriver
Capabilities {acceptInsecureCerts: false, browserName: chrome, browserVersion: 79.0.3945.130, chrome: {chromedriverVersion: 79.0.3945.36 (3582db32b3389..., userDataDir: C:\Users\ABDIEL~1.COR\AppDa...}, goog:chromeOptions: {debuggerAddress: localhost:50592}, javascriptEnabled: true, networkConnectionEnabled: false, pageLoadStrategy: normal, platform: WINDOWS, platformName: WINDOWS, proxy: Proxy(), setWindowRect: true, strictFileInteractability: false, timeouts: {implicit: 0, pageLoad: 300000, script: 30000}, unhandledPromptBehavior: dismiss and notify}
Session ID: be784f15f1c55dab885b50be156e6162
*** Element info: {Using=xpath, value=//*[@id="speakersImg"]}
at sun.reflect.NativeConstructorAccessorImpl.newInstance0(Native Method)
at sun.reflect.NativeConstructorAccessorImpl.newInstance(Unknown Source)
at sun.reflect.DelegatingConstructorAccessorImpl.newInstance(Unknown Source)
at java.lang.reflect.Constructor.newInstance(Unknown Source)
at org.openqa.selenium.remote.http.W3CHttpResponseCodec.createException(W3CHttpResponseCodec.java:187)
at org.openqa.selenium.remote.http.W3CHttpResponseCodec.decode(W3CHttpResponseCodec.java:122)
at org.openqa.selenium.remote.http.W3CHttpResponseCodec.decode(W3CHttpResponseCodec.java:49)
at org.openqa.selenium.remote.HttpCommandExecutor.execute(HttpCommandExecutor.java:158)
at org.openqa.selenium.remote.service.DriverCommandExecutor.execute(DriverCommandExecutor.java:83)
at org.openqa.selenium.remote.RemoteWebDriver.execute(RemoteWebDriver.java:552)
at org.openqa.selenium.remote.RemoteWebDriver.findElement(RemoteWebDriver.java:323)
at org.openqa.selenium.remote.RemoteWebDriver.findElementByXPath(RemoteWebDriver.java:428)
at org.openqa.selenium.By$ByXPath.findElement(By.java:353)
at org.openqa.selenium.remote.RemoteWebDriver.findElement(RemoteWebDriver.java:315)
at org.openqa.selenium.support.pagefactory.DefaultElementLocator.findElement(DefaultElementLocator.java:69)
at org.openqa.selenium.support.pagefactory.internal.LocatingElementHandler.invoke(LocatingElementHandler.java:38)
at com.sun.proxy.$Proxy9.isDisplayed(Unknown Source)
at org.openqa.selenium.support.ui.ExpectedConditions.elementIfVisible(ExpectedConditions.java:314)
at org.openqa.selenium.support.ui.ExpectedConditions.access$000(ExpectedConditions.java:43)
at org.openqa.selenium.support.ui.ExpectedConditions$10.apply(ExpectedConditions.java:300)
at org.openqa.selenium.support.ui.ExpectedConditions$10.apply(ExpectedConditions.java:297)
at org.openqa.selenium.support.ui.FluentWait.until(FluentWait.java:249)
at br.com.rsinet.HUB_TDD.pageFactory.Home_Page.esperaHome(Home_Page.java:27)
at br.com.rsinet.HUB_TDD.teste.TesteCadastrarSucesso.encerrar(TesteCadastrarSucesso.java:83)
at sun.reflect.NativeMethodAccessorImpl.invoke0(Native Method)
at sun.reflect.NativeMethodAccessorImpl.invoke(Unknown Source)
at sun.reflect.DelegatingMethodAccessorImpl.invoke(Unknown Source)
at java.lang.reflect.Method.invoke(Unknown Source)
at org.testng.internal.MethodInvocationHelper.invokeMethod(MethodInvocationHelper.java:133)
at org.testng.internal.MethodInvocationHelper.invokeMethodConsideringTimeout(MethodInvocationHelper.java:62)
at org.testng.internal.ConfigInvoker.invokeConfigurationMethod(ConfigInvoker.java:340)
at org.testng.internal.ConfigInvoker.invokeConfigurations(ConfigInvoker.java:294)
at org.testng.internal.TestInvoker.runConfigMethods(TestInvoker.java:683)
at org.testng.internal.TestInvoker.runAfterGroupsConfigurations(TestInvoker.java:658)
at org.testng.internal.TestInvoker.invokeMethod(TestInvoker.java:642)
at org.testng.internal.TestInvoker.invokeTestMethod(TestInvoker.java:172)
at org.testng.internal.MethodRunner.runInSequence(MethodRunner.java:46)
at org.testng.internal.TestInvoker$MethodInvocationAgent.invoke(TestInvoker.java:804)
at org.testng.internal.TestInvoker.invokeTestMethods(TestInvoker.java:145)
at org.testng.internal.TestMethodWorker.invokeTestMethods(TestMethodWorker.java:146)
at org.testng.internal.TestMethodWorker.run(TestMethodWorker.java:128)
at java.util.ArrayList.forEach(Unknown Source)
at org.testng.TestRunner.privateRun(TestRunner.java:770)
at org.testng.TestRunner.run(TestRunner.java:591)
at org.testng.SuiteRunner.runTest(SuiteRunner.java:402)
at org.testng.SuiteRunner.runSequentially(SuiteRunner.java:396)
at org.testng.SuiteRunner.privateRun(SuiteRunner.java:355)
at org.testng.SuiteRunner.run(SuiteRunner.java:304)
at org.testng.SuiteRunnerWorker.runSuite(SuiteRunnerWorker.java:53)
at org.testng.SuiteRunnerWorker.run(SuiteRunnerWorker.java:96)
at org.testng.TestNG.runSuitesSequentially(TestNG.java:1180)
at org.testng.TestNG.runSuitesLocally(TestNG.java:1102)
at org.testng.TestNG.runSuites(TestNG.java:1032)
at org.testng.TestNG.run(TestNG.java:1000)
at org.testng.remote.AbstractRemoteTestNG.run(AbstractRemoteTestNG.java:115)
at org.testng.remote.RemoteTestNG.initAndRun(RemoteTestNG.java:251)
at org.testng.remote.RemoteTestNG.main(RemoteTestNG.java:77)
]]>
            </full-stacktrace>
          </exception> <!-- org.openqa.selenium.WebDriverException -->
          <reporter-output>
          </reporter-output>
        </test-method> <!-- encerrar -->
      </class> <!-- br.com.rsinet.HUB_TDD.teste.TesteCadastrarSucesso -->
      <class name="br.com.rsinet.HUB_TDD.teste.TesteBuscarLupaFalha">
        <test-method status="PASS" signature="carregar()[pri:0, instance:br.com.rsinet.HUB_TDD.teste.TesteBuscarLupaFalha@9660f4e]" name="carregar" is-config="true" duration-ms="10051" started-at="2020-01-27T11:34:18 BRT" finished-at="2020-01-27T11:34:28 BRT">
          <reporter-output>
          </reporter-output>
        </test-method> <!-- carregar -->
        <test-method status="PASS" signature="buscarLupaFalha()[pri:0, instance:br.com.rsinet.HUB_TDD.teste.TesteBuscarLupaFalha@9660f4e]" name="buscarLupaFalha" duration-ms="2500" started-at="2020-01-27T11:34:28 BRT" finished-at="2020-01-27T11:34:30 BRT">
          <reporter-output>
          </reporter-output>
        </test-method> <!-- buscarLupaFalha -->
        <test-method status="PASS" signature="finalizar(org.testng.ITestResult)[pri:0, instance:br.com.rsinet.HUB_TDD.teste.TesteBuscarLupaFalha@9660f4e]" name="finalizar" is-config="true" duration-ms="1070" started-at="2020-01-27T11:34:30 BRT" finished-at="2020-01-27T11:34:32 BRT">
          <params>
            <param index="0">
              <value>
                <![CDATA[[TestResult name=buscarLupaFalha status=SUCCESS method=TesteBuscarLupaFalha.buscarLupaFalha()[pri:0, instance:br.com.rsinet.HUB_TDD.teste.TesteBuscarLupaFalha@9660f4e] output={null}]]]>
              </value>
            </param>
          </params>
          <reporter-output>
          </reporter-output>
        </test-method> <!-- finalizar -->
      </class> <!-- br.com.rsinet.HUB_TDD.teste.TesteBuscarLupaFalha -->
      <class name="br.com.rsinet.HUB_TDD.teste.TesteCadastrarFalha">
        <test-method status="PASS" signature="carregar()[pri:0, instance:br.com.rsinet.HUB_TDD.teste.TesteCadastrarFalha@6c49835d]" name="carregar" is-config="true" duration-ms="12349" started-at="2020-01-27T11:34:47 BRT" finished-at="2020-01-27T11:34:59 BRT">
          <reporter-output>
          </reporter-output>
        </test-method> <!-- carregar -->
        <test-method status="PASS" signature="cadastrarFalha()[pri:0, instance:br.com.rsinet.HUB_TDD.teste.TesteCadastrarFalha@6c49835d]" name="cadastrarFalha" duration-ms="4020" started-at="2020-01-27T11:34:59 BRT" finished-at="2020-01-27T11:35:03 BRT">
          <reporter-output>
          </reporter-output>
        </test-method> <!-- cadastrarFalha -->
        <test-method status="PASS" signature="encerrar(org.testng.ITestResult)[pri:0, instance:br.com.rsinet.HUB_TDD.teste.TesteCadastrarFalha@6c49835d]" name="encerrar" is-config="true" duration-ms="5516" started-at="2020-01-27T11:35:03 BRT" finished-at="2020-01-27T11:35:08 BRT">
          <params>
            <param index="0">
              <value>
                <![CDATA[[TestResult name=cadastrarFalha status=SUCCESS method=TesteCadastrarFalha.cadastrarFalha()[pri:0, instance:br.com.rsinet.HUB_TDD.teste.TesteCadastrarFalha@6c49835d] output={null}]]]>
              </value>
            </param>
          </params>
          <reporter-output>
          </reporter-output>
        </test-method> <!-- encerrar -->
      </class> <!-- br.com.rsinet.HUB_TDD.teste.TesteCadastrarFalha -->
      <class name="br.com.rsinet.HUB_TDD.teste.TesteBuscaCliqueSucesso">
        <test-method status="PASS" signature="carregar()[pri:0, instance:br.com.rsinet.HUB_TDD.teste.TesteBuscaCliqueSucesso@7c29daf3]" name="carregar" is-config="true" duration-ms="10054" started-at="2020-01-27T11:34:03 BRT" finished-at="2020-01-27T11:34:13 BRT">
          <reporter-output>
          </reporter-output>
        </test-method> <!-- carregar -->
        <test-method status="PASS" signature="buscaCliqueSucesso()[pri:0, instance:br.com.rsinet.HUB_TDD.teste.TesteBuscaCliqueSucesso@7c29daf3]" name="buscaCliqueSucesso" duration-ms="3912" started-at="2020-01-27T11:34:13 BRT" finished-at="2020-01-27T11:34:17 BRT">
          <reporter-output>
          </reporter-output>
        </test-method> <!-- buscaCliqueSucesso -->
        <test-method status="PASS" signature="finalizar(org.testng.ITestResult)[pri:0, instance:br.com.rsinet.HUB_TDD.teste.TesteBuscaCliqueSucesso@7c29daf3]" name="finalizar" is-config="true" duration-ms="1083" started-at="2020-01-27T11:34:17 BRT" finished-at="2020-01-27T11:34:18 BRT">
          <params>
            <param index="0">
              <value>
                <![CDATA[[TestResult name=buscaCliqueSucesso status=SUCCESS method=TesteBuscaCliqueSucesso.buscaCliqueSucesso()[pri:0, instance:br.com.rsinet.HUB_TDD.teste.TesteBuscaCliqueSucesso@7c29daf3] output={null}]]]>
              </value>
            </param>
          </params>
          <reporter-output>
          </reporter-output>
        </test-method> <!-- finalizar -->
      </class> <!-- br.com.rsinet.HUB_TDD.teste.TesteBuscaCliqueSucesso -->
    </test> <!-- Automação Utilizando TDD -->
  </suite> <!-- Suite de Teste -->
</testng-results>
